<?xml version="1.0" encoding="utf-8"?><testsuites name="pytest tests"><testsuite name="pytest" errors="0" failures="0" skipped="0" tests="83" time="124.355" timestamp="2026-09-16T16:35:33.259476+08:00" hostname="DESKTOP-EQD6H9S"><testcase classname="tests.test_backend_flows" name="test_phase_one_dm_message_persists_and_skill_preview" time="0.779" /><testcase classname="tests.test_backend_flows" name="test_contracts_expose_routes_and_realtime_events" time="0.454" /><testcase classname="tests.test_backend_flows" name="test_workspace_settings_and_ui_session_persist" time="0.654" /><testcase classname="tests.test_backend_flows" name="test_system_inspect_and_tool_catalog" time="0.512" /><testcase classname="tests.test_backend_flows" name="test_actor_tool_access_is_differentiated_and_enforced" time="0.501" /><testcase classname="tests.test_backend_flows" name="test_auto_tool_reply_uses_authorized_workspace" time="3.399" /><testcase classname="tests.test_backend_flows" name="test_realtime_websocket_typing_and_incremental_replay" time="0.636" /><testcase classname="tests.test_backend_flows" name="test_tool_security_blocks_escape_and_unapproved_execute" time="0.534" /><testcase classname="tests.test_backend_flows" name="test_high_risk_tool_requires_dual_approval" time="0.580" /><testcase classname="tests.test_backend_flows" name="test_phase_two_social_publish_and_comment" time="0.538" /><testcase classname="tests.test_backend_flows" name="test_skill_proposal_roundtrip_updates_effective_catalog_and_preview" time="4.317" /><testcase classname="tests.test_backend_flows" name="test_idle_social_tick_generates_post_and_auto_comments" time="0.577" /><testcase classname="tests.test_backend_flows" name="test_phase_three_workflow_help_interrupt_tool_and_completion" time="3.063" /><testcase classname="tests.test_backend_flows" name="test_actor_skill_inspection_includes_public_and_learned_skills" time="0.781" /><testcase classname="tests.test_backend_flows" name="test_rejected_stage_review_keeps_workflow_in_revision" time="1.113" /><testcase classname="tests.test_backend_flows" name="test_rejected_planning_review_requeues_planning_confirmation" time="0.620" /><testcase classname="tests.test_backend_flows" name="test_public_approval_route_ignores_spoofed_reviewer_actor_id" time="0.626" /><testcase classname="tests.test_backend_flows" name="test_execution_tick_completes_parallel_assignments_in_one_batch" time="4.193" /><testcase classname="tests.test_backend_flows" name="test_workflow_dispatch_survives_llm_provider_failure" time="14.430" /><testcase classname="tests.test_backend_flows" name="test_task_message_can_request_collaborative_launch_before_group_creation" time="0.707" /><testcase classname="tests.test_backend_flows" name="test_system_reset_succeeds_even_with_pending_memory_and_reply_tasks" time="0.731" /><testcase classname="tests.test_backend_flows" name="test_group_lifecycle_can_keep_or_disband_completed_room" time="3.027" /><testcase classname="tests.test_browser_tools" name="test_real_browser_local_form_download_and_grant" time="1.728" /><testcase classname="tests.test_cognition" name="test_private_visibility_idempotence_and_recovery" time="0.785" /><testcase classname="tests.test_cognition" name="test_stale_reflection_cannot_overwrite_new_state" time="0.634" /><testcase classname="tests.test_cognition" name="test_evidence_bound_relationship_and_forgetting" time="0.755" /><testcase classname="tests.test_cognition" name="test_correction_and_disabled_state" time="0.905" /><testcase classname="tests.test_cognition" name="test_social_context_does_not_export_task_contents" time="0.625" /><testcase classname="tests.test_cognition" name="test_failed_consume_does_not_commit_cursor" time="0.596" /><testcase classname="tests.test_cognition" name="test_reflection_retry_and_preemption" time="0.662" /><testcase classname="tests.test_cognition" name="test_no_invented_historical_memories" time="0.557" /><testcase classname="tests.test_cognition" name="test_actual_trial_files_promote_only_after_all_scenarios" time="7.657" /><testcase classname="tests.test_cognition" name="test_unknown_family_remains_candidate" time="0.597" /><testcase classname="tests.test_cognition" name="test_forgetting_invalidates_derived_judgments" time="0.938" /><testcase classname="tests.test_cognition" name="test_public_method_requires_review_and_explicit_confirmation" time="0.623" /><testcase classname="tests.test_cognition" name="test_interrupted_trial_is_recoverable" time="0.517" /><testcase classname="tests.test_delivery_records" name="test_listing_review_retains_reply_and_only_records_verified_skill[True]" time="5.227" /><testcase classname="tests.test_delivery_records" name="test_listing_review_retains_reply_and_only_records_verified_skill[False]" time="3.088" /><testcase classname="tests.test_delivery_records" name="test_listing_review_retains_reply_and_only_records_verified_skill[delayed]" time="1.339" /><testcase classname="tests.test_delivery_records" name="test_clear_only_terminal_records_and_keeps_idempotency" time="0.117" /><testcase classname="tests.test_delivery_records" name="test_clear_api_covers_older_records_and_protects_active" time="11.262" /><testcase classname="tests.test_files_and_failures" name="test_mixed_files_move_overwrite_undo_restore" time="0.044" /><testcase classname="tests.test_files_and_failures" name="test_long_pdf_docx_and_text_source_locations" time="0.293" /><testcase classname="tests.test_files_and_failures" name="test_program_test_failure_then_fix_and_timeout" time="1.501" /><testcase classname="tests.test_files_and_failures" name="test_context_retains_empty_tool_request_and_response" time="0.001" /><testcase classname="tests.test_files_and_failures" name="test_unpatched_sqlite_uses_rollback_journal" time="0.001" /><testcase classname="tests.test_files_and_failures" name="test_single_long_line_can_be_read_to_the_end" time="0.099" /><testcase classname="tests.test_hermes_integration" name="test_real_hermes_gateway_calls_only_host_mcp" time="14.053" /><testcase classname="tests.test_migrations_and_provider" name="test_migration_backs_up_and_preserves_history" time="0.961" /><testcase classname="tests.test_migrations_and_provider" name="test_provider_errors_never_turn_into_template_success[401]" time="0.003" /><testcase classname="tests.test_migrations_and_provider" name="test_provider_errors_never_turn_into_template_success[429]" time="0.002" /><testcase classname="tests.test_migrations_and_provider" name="test_provider_errors_never_turn_into_template_success[500]" time="0.003" /><testcase classname="tests.test_personality_collaboration" name="test_peer_discussion_private_notice_and_group_removal" time="4.842" /><testcase classname="tests.test_personality_collaboration" name="test_scheduler_starts_unblocked_dependency_before_unrelated_slow_member" time="0.154" /><testcase classname="tests.test_phase_tool_contract" name="test_mcp_schema_exposes_only_phase_authorized_actions" time="0.001" /><testcase classname="tests.test_phase_tool_contract" name="test_http_permission_detail_reaches_executor" time="0.001" /><testcase classname="tests.test_run_core" name="test_delivery_requires_own_unchanged_readback" time="0.370" /><testcase classname="tests.test_run_core" name="test_approval_resumes_exact_call_once" time="0.252" /><testcase classname="tests.test_run_core" name="test_restart_expires_approval_and_preserves_unknown_effect" time="0.148" /><testcase classname="tests.test_run_core" name="test_plan_rejects_cycles_paths_and_reserved_ids" time="0.105" /><testcase classname="tests.test_run_core" name="test_seven_tool_rounds_and_document_pagination" time="4.380" /><testcase classname="tests.test_run_core" name="test_paths_and_idempotency" time="0.145" /><testcase classname="tests.test_run_core" name="test_background_scheduler_rejects_progress_only" time="0.188" /><testcase classname="tests.test_run_core" name="test_thread_cancellation_retains_write_lock" time="0.179" /><testcase classname="tests.test_run_core" name="test_pause_cancels_approval_without_executing" time="0.189" /><testcase classname="tests.test_run_core" name="test_budget_exhaustion_is_resumable" time="0.147" /><testcase classname="tests.test_run_core" name="test_failed_tool_requires_documented_correction" time="0.249" /><testcase classname="tests.test_run_core" name="test_late_instruction_is_saved_and_consumed_on_resume" time="0.644" /><testcase classname="tests.test_run_core" name="test_directory_link_cannot_escape_task_workspace" time="0.166" /><testcase classname="tests.test_run_core" name="test_invalid_approval_arguments_are_journaled" time="0.135" /><testcase classname="tests.test_run_core" name="test_stopped_task_cannot_send_desktop_input" time="0.133" /><testcase classname="tests.test_runtime_api" name="test_real_background_admission_handoff_review_and_idempotency" time="1.659" /><testcase classname="tests.test_runtime_api" name="test_local_http_boundary" time="0.486" /><testcase classname="tests.test_runtime_paths" name="test_dotenv_relative_paths_are_rooted_at_application" time="0.005" /><testcase classname="tests.test_runtime_paths" name="test_bridge_freezes_home_before_subprocess_cwd_changes" time="0.005" /><testcase classname="tests.test_shutdown" name="test_server_shutdown_cancels_pending_http_approval" time="0.868" /><testcase classname="tests.test_shutdown" name="test_realtime_stop_handles_cancelled_listener" time="0.003" /><testcase classname="tests.test_shutdown" name="test_transport_stages_and_disk_diagnostics_hide_credentials" time="0.010" /><testcase classname="tests.test_shutdown" name="test_empty_chat_reply_is_visible_failure" time="0.128" /><testcase classname="tests.test_social_and_replay" name="test_social_model_waits_without_database_connection_and_can_be_preempted" time="1.455" /><testcase classname="tests.test_social_and_replay" name="test_recovery_includes_old_runs_and_preserves_event_association" time="7.312" /><testcase classname="tests.test_social_and_replay" name="test_sqlite_naive_utc_post_does_not_become_immediately_due" time="0.001" /><testcase classname="tests.test_social_and_replay" name="test_websocket_replay_cursor_reset_and_social_notifications" time="0.543" /></testsuite></testsuites>